2026-03-24T15:38:44 level=INFO     name=__main__ pid=323 Electra-Core starting | pdf=/Users/abhinaykalkhanday/Desktop/New_pdf2Excel/voter_roll.pdf dpi=300 output=/Users/abhinaykalkhanday/Desktop/New_pdf2Excel/output
2026-03-24T15:38:55 level=INFO     name=__main__ pid=323 Rendered 26 page(s) at 300 DPI
2026-03-24T15:38:55 level=INFO     name=__main__ pid=323 Processing page range: start=2 end=25 count=24
2026-03-24T15:38:59 level=INFO     name=pipeline.orchestrator pid=323 page=2 type=METADATA — skipped, no extraction attempted
2026-03-24T15:39:01 level=INFO     name=pipeline.orchestrator pid=323 page=3 type=METADATA — skipped, no extraction attempted
2026-03-24T15:39:03 level=INFO     name=pipeline.orchestrator pid=323 page=4 type=METADATA — skipped, no extraction attempted
2026-03-24T15:39:05 level=INFO     name=pipeline.orchestrator pid=323 page=5 type=METADATA — skipped, no extraction attempted
2026-03-24T15:39:07 level=INFO     name=pipeline.orchestrator pid=323 page=6 type=METADATA — skipped, no extraction attempted
2026-03-24T15:39:09 level=INFO     name=pipeline.orchestrator pid=323 page=7 type=METADATA — skipped, no extraction attempted
2026-03-24T15:39:11 level=INFO     name=pipeline.orchestrator pid=323 page=8 type=METADATA — skipped, no extraction attempted
2026-03-24T15:39:13 level=INFO     name=pipeline.orchestrator pid=323 page=9 type=METADATA — skipped, no extraction attempted
2026-03-24T15:39:15 level=INFO     name=pipeline.orchestrator pid=323 page=10 type=METADATA — skipped, no extraction attempted
2026-03-24T15:39:17 level=INFO     name=pipeline.orchestrator pid=323 page=11 type=METADATA — skipped, no extraction attempted
2026-03-24T15:39:19 level=INFO     name=pipeline.orchestrator pid=323 page=12 type=METADATA — skipped, no extraction attempted
2026-03-24T15:39:21 level=INFO     name=pipeline.orchestrator pid=323 page=13 type=METADATA — skipped, no extraction attempted
2026-03-24T15:39:23 level=INFO     name=pipeline.orchestrator pid=323 page=14 type=METADATA — skipped, no extraction attempted
2026-03-24T15:39:25 level=INFO     name=pipeline.orchestrator pid=323 page=15 type=METADATA — skipped, no extraction attempted
2026-03-24T15:39:27 level=INFO     name=pipeline.orchestrator pid=323 page=16 type=METADATA — skipped, no extraction attempted
2026-03-24T15:39:29 level=INFO     name=pipeline.orchestrator pid=323 page=17 type=METADATA — skipped, no extraction attempted
2026-03-24T15:39:31 level=INFO     name=pipeline.orchestrator pid=323 page=18 type=METADATA — skipped, no extraction attempted
2026-03-24T15:39:33 level=INFO     name=pipeline.orchestrator pid=323 page=19 type=METADATA — skipped, no extraction attempted
2026-03-24T15:39:35 level=INFO     name=pipeline.orchestrator pid=323 page=20 type=METADATA — skipped, no extraction attempted
2026-03-24T15:39:38 level=INFO     name=pipeline.orchestrator pid=323 page=21 type=METADATA — skipped, no extraction attempted
2026-03-24T15:39:39 level=INFO     name=pipeline.orchestrator pid=323 page=22 type=METADATA — skipped, no extraction attempted
2026-03-24T15:39:41 level=INFO     name=pipeline.orchestrator pid=323 page=23 type=METADATA — skipped, no extraction attempted
2026-03-24T15:39:43 level=INFO     name=pipeline.orchestrator pid=323 page=24 type=METADATA — skipped, no extraction attempted
2026-03-24T15:39:44 level=INFO     name=pipeline.orchestrator pid=323 page=25 type=METADATA — skipped, no extraction attempted
2026-03-24T15:39:44 level=INFO     name=pipeline.orchestrator pid=323 batch complete: voter_list=0 skipped=24 review_queue=0 total=24
2026-03-24T15:39:44 level=INFO     name=__main__ pid=323 Results: voter_list=0  skipped=24  review_queue=0  total_pages=24
2026-03-24T15:39:44 level=INFO     name=__main__ pid=323 Skipped page breakdown: {'METADATA': 24}
2026-03-24T15:39:44 level=INFO     name=__main__ pid=323 Page QA report saved → /Users/abhinaykalkhanday/Desktop/New_pdf2Excel/output/page_qa_report.csv
2026-03-24T15:45:47 level=INFO     name=__main__ pid=2945 Electra-Core starting | pdf=/Users/abhinaykalkhanday/Desktop/New_pdf2Excel/voter_roll.pdf dpi=300 output=/Users/abhinaykalkhanday/Desktop/New_pdf2Excel/output
2026-03-24T15:45:52 level=INFO     name=__main__ pid=2945 Rendered 26 page(s) at 300 DPI
2026-03-24T15:45:52 level=INFO     name=__main__ pid=2945 Processing page range: start=2 end=25 count=24
2026-03-24T15:45:54 level=WARNING  name=pipeline.orchestrator pid=2945 page=2 strategy=cv_grid_chop gate_1_FAILED found=10 expected=30
2026-03-24T15:46:13 level=ERROR    name=pipeline.orchestrator pid=2945 page=2 strategy=grid_projection raised unexpected exception
Traceback (most recent call last):
  File "/Users/abhinaykalkhanday/Desktop/New_pdf2Excel/pipeline/orchestrator.py", line 322, in process_page
    self._validator.validate_quality(cards, page_no)
    ~~~~~~~~~~~~~~~~~~~~~~~~~~~~~~~~^^^^^^^^^^^^^^^^
  File "/Users/abhinaykalkhanday/Desktop/New_pdf2Excel/pipeline/validator.py", line 52, in validate_quality
    if missing_ratio > MAX_MISSING_EPIC_RATIO:
                       ^^^^^^^^^^^^^^^^^^^^^^
NameError: name 'MAX_MISSING_EPIC_RATIO' is not defined
2026-03-24T15:46:13 level=WARNING  name=pipeline.orchestrator pid=2945 page=2 strategy=blob_clustering gate_1_FAILED found=7 expected=30
2026-03-24T15:46:13 level=ERROR    name=pipeline.orchestrator pid=2945 page=2 VOTER_LIST: all 3 strategies failed quality gates — queued for human review
2026-03-24T15:46:33 level=ERROR    name=pipeline.orchestrator pid=2945 page=3 strategy=cv_grid_chop raised unexpected exception
Traceback (most recent call last):
  File "/Users/abhinaykalkhanday/Desktop/New_pdf2Excel/pipeline/orchestrator.py", line 322, in process_page
    self._validator.validate_quality(cards, page_no)
    ~~~~~~~~~~~~~~~~~~~~~~~~~~~~~~~~^^^^^^^^^^^^^^^^
  File "/Users/abhinaykalkhanday/Desktop/New_pdf2Excel/pipeline/validator.py", line 52, in validate_quality
    if missing_ratio > MAX_MISSING_EPIC_RATIO:
                       ^^^^^^^^^^^^^^^^^^^^^^
NameError: name 'MAX_MISSING_EPIC_RATIO' is not defined
2026-03-24T15:46:46 level=ERROR    name=pipeline.orchestrator pid=2945 page=3 strategy=grid_projection raised unexpected exception
Traceback (most recent call last):
  File "/Users/abhinaykalkhanday/Desktop/New_pdf2Excel/pipeline/orchestrator.py", line 322, in process_page
    self._validator.validate_quality(cards, page_no)
    ~~~~~~~~~~~~~~~~~~~~~~~~~~~~~~~~^^^^^^^^^^^^^^^^
  File "/Users/abhinaykalkhanday/Desktop/New_pdf2Excel/pipeline/validator.py", line 52, in validate_quality
    if missing_ratio > MAX_MISSING_EPIC_RATIO:
                       ^^^^^^^^^^^^^^^^^^^^^^
NameError: name 'MAX_MISSING_EPIC_RATIO' is not defined
2026-03-24T15:46:46 level=WARNING  name=pipeline.orchestrator pid=2945 page=3 strategy=blob_clustering strategy_error reason='dilation blob detection found no candidate card regions'
2026-03-24T15:46:46 level=ERROR    name=pipeline.orchestrator pid=2945 page=3 VOTER_LIST: all 3 strategies failed quality gates — queued for human review
2026-03-24T15:47:02 level=ERROR    name=pipeline.orchestrator pid=2945 page=4 strategy=cv_grid_chop raised unexpected exception
Traceback (most recent call last):
  File "/Users/abhinaykalkhanday/Desktop/New_pdf2Excel/pipeline/orchestrator.py", line 322, in process_page
    self._validator.validate_quality(cards, page_no)
    ~~~~~~~~~~~~~~~~~~~~~~~~~~~~~~~~^^^^^^^^^^^^^^^^
  File "/Users/abhinaykalkhanday/Desktop/New_pdf2Excel/pipeline/validator.py", line 52, in validate_quality
    if missing_ratio > MAX_MISSING_EPIC_RATIO:
                       ^^^^^^^^^^^^^^^^^^^^^^
NameError: name 'MAX_MISSING_EPIC_RATIO' is not defined
2026-03-24T15:47:15 level=ERROR    name=pipeline.orchestrator pid=2945 page=4 strategy=grid_projection raised unexpected exception
Traceback (most recent call last):
  File "/Users/abhinaykalkhanday/Desktop/New_pdf2Excel/pipeline/orchestrator.py", line 322, in process_page
    self._validator.validate_quality(cards, page_no)
    ~~~~~~~~~~~~~~~~~~~~~~~~~~~~~~~~^^^^^^^^^^^^^^^^
  File "/Users/abhinaykalkhanday/Desktop/New_pdf2Excel/pipeline/validator.py", line 52, in validate_quality
    if missing_ratio > MAX_MISSING_EPIC_RATIO:
                       ^^^^^^^^^^^^^^^^^^^^^^
NameError: name 'MAX_MISSING_EPIC_RATIO' is not defined
2026-03-24T15:47:15 level=WARNING  name=pipeline.orchestrator pid=2945 page=4 strategy=blob_clustering strategy_error reason='dilation blob detection found no candidate card regions'
2026-03-24T15:47:15 level=ERROR    name=pipeline.orchestrator pid=2945 page=4 VOTER_LIST: all 3 strategies failed quality gates — queued for human review
2026-03-24T15:47:35 level=ERROR    name=pipeline.orchestrator pid=2945 page=5 strategy=cv_grid_chop raised unexpected exception
Traceback (most recent call last):
  File "/Users/abhinaykalkhanday/Desktop/New_pdf2Excel/pipeline/orchestrator.py", line 322, in process_page
    self._validator.validate_quality(cards, page_no)
    ~~~~~~~~~~~~~~~~~~~~~~~~~~~~~~~~^^^^^^^^^^^^^^^^
  File "/Users/abhinaykalkhanday/Desktop/New_pdf2Excel/pipeline/validator.py", line 52, in validate_quality
    if missing_ratio > MAX_MISSING_EPIC_RATIO:
                       ^^^^^^^^^^^^^^^^^^^^^^
NameError: name 'MAX_MISSING_EPIC_RATIO' is not defined
2026-03-24T15:47:48 level=ERROR    name=pipeline.orchestrator pid=2945 page=5 strategy=grid_projection raised unexpected exception
Traceback (most recent call last):
  File "/Users/abhinaykalkhanday/Desktop/New_pdf2Excel/pipeline/orchestrator.py", line 322, in process_page
    self._validator.validate_quality(cards, page_no)
    ~~~~~~~~~~~~~~~~~~~~~~~~~~~~~~~~^^^^^^^^^^^^^^^^
  File "/Users/abhinaykalkhanday/Desktop/New_pdf2Excel/pipeline/validator.py", line 52, in validate_quality
    if missing_ratio > MAX_MISSING_EPIC_RATIO:
                       ^^^^^^^^^^^^^^^^^^^^^^
NameError: name 'MAX_MISSING_EPIC_RATIO' is not defined
2026-03-24T15:47:48 level=WARNING  name=pipeline.orchestrator pid=2945 page=5 strategy=blob_clustering strategy_error reason='dilation blob detection found no candidate card regions'
2026-03-24T15:47:48 level=ERROR    name=pipeline.orchestrator pid=2945 page=5 VOTER_LIST: all 3 strategies failed quality gates — queued for human review
2026-03-24T15:48:03 level=ERROR    name=pipeline.orchestrator pid=2945 page=6 strategy=cv_grid_chop raised unexpected exception
Traceback (most recent call last):
  File "/Users/abhinaykalkhanday/Desktop/New_pdf2Excel/pipeline/orchestrator.py", line 322, in process_page
    self._validator.validate_quality(cards, page_no)
    ~~~~~~~~~~~~~~~~~~~~~~~~~~~~~~~~^^^^^^^^^^^^^^^^
  File "/Users/abhinaykalkhanday/Desktop/New_pdf2Excel/pipeline/validator.py", line 52, in validate_quality
    if missing_ratio > MAX_MISSING_EPIC_RATIO:
                       ^^^^^^^^^^^^^^^^^^^^^^
NameError: name 'MAX_MISSING_EPIC_RATIO' is not defined
2026-03-24T15:48:16 level=ERROR    name=pipeline.orchestrator pid=2945 page=6 strategy=grid_projection raised unexpected exception
Traceback (most recent call last):
  File "/Users/abhinaykalkhanday/Desktop/New_pdf2Excel/pipeline/orchestrator.py", line 322, in process_page
    self._validator.validate_quality(cards, page_no)
    ~~~~~~~~~~~~~~~~~~~~~~~~~~~~~~~~^^^^^^^^^^^^^^^^
  File "/Users/abhinaykalkhanday/Desktop/New_pdf2Excel/pipeline/validator.py", line 52, in validate_quality
    if missing_ratio > MAX_MISSING_EPIC_RATIO:
                       ^^^^^^^^^^^^^^^^^^^^^^
NameError: name 'MAX_MISSING_EPIC_RATIO' is not defined
2026-03-24T15:48:16 level=WARNING  name=pipeline.orchestrator pid=2945 page=6 strategy=blob_clustering strategy_error reason='dilation blob detection found no candidate card regions'
2026-03-24T15:48:16 level=ERROR    name=pipeline.orchestrator pid=2945 page=6 VOTER_LIST: all 3 strategies failed quality gates — queued for human review
2026-03-24T15:48:32 level=ERROR    name=pipeline.orchestrator pid=2945 page=7 strategy=cv_grid_chop raised unexpected exception
Traceback (most recent call last):
  File "/Users/abhinaykalkhanday/Desktop/New_pdf2Excel/pipeline/orchestrator.py", line 322, in process_page
    self._validator.validate_quality(cards, page_no)
    ~~~~~~~~~~~~~~~~~~~~~~~~~~~~~~~~^^^^^^^^^^^^^^^^
  File "/Users/abhinaykalkhanday/Desktop/New_pdf2Excel/pipeline/validator.py", line 52, in validate_quality
    if missing_ratio > MAX_MISSING_EPIC_RATIO:
                       ^^^^^^^^^^^^^^^^^^^^^^
NameError: name 'MAX_MISSING_EPIC_RATIO' is not defined
2026-03-24T15:48:48 level=ERROR    name=pipeline.orchestrator pid=2945 page=7 strategy=grid_projection raised unexpected exception
Traceback (most recent call last):
  File "/Users/abhinaykalkhanday/Desktop/New_pdf2Excel/pipeline/orchestrator.py", line 322, in process_page
    self._validator.validate_quality(cards, page_no)
    ~~~~~~~~~~~~~~~~~~~~~~~~~~~~~~~~^^^^^^^^^^^^^^^^
  File "/Users/abhinaykalkhanday/Desktop/New_pdf2Excel/pipeline/validator.py", line 52, in validate_quality
    if missing_ratio > MAX_MISSING_EPIC_RATIO:
                       ^^^^^^^^^^^^^^^^^^^^^^
NameError: name 'MAX_MISSING_EPIC_RATIO' is not defined
2026-03-24T15:48:48 level=WARNING  name=pipeline.orchestrator pid=2945 page=7 strategy=blob_clustering strategy_error reason='dilation blob detection found no candidate card regions'
2026-03-24T15:48:48 level=ERROR    name=pipeline.orchestrator pid=2945 page=7 VOTER_LIST: all 3 strategies failed quality gates — queued for human review
2026-03-24T15:49:03 level=ERROR    name=pipeline.orchestrator pid=2945 page=8 strategy=cv_grid_chop raised unexpected exception
Traceback (most recent call last):
  File "/Users/abhinaykalkhanday/Desktop/New_pdf2Excel/pipeline/orchestrator.py", line 322, in process_page
    self._validator.validate_quality(cards, page_no)
    ~~~~~~~~~~~~~~~~~~~~~~~~~~~~~~~~^^^^^^^^^^^^^^^^
  File "/Users/abhinaykalkhanday/Desktop/New_pdf2Excel/pipeline/validator.py", line 52, in validate_quality
    if missing_ratio > MAX_MISSING_EPIC_RATIO:
                       ^^^^^^^^^^^^^^^^^^^^^^
NameError: name 'MAX_MISSING_EPIC_RATIO' is not defined
2026-03-24T15:49:16 level=ERROR    name=pipeline.orchestrator pid=2945 page=8 strategy=grid_projection raised unexpected exception
Traceback (most recent call last):
  File "/Users/abhinaykalkhanday/Desktop/New_pdf2Excel/pipeline/orchestrator.py", line 322, in process_page
    self._validator.validate_quality(cards, page_no)
    ~~~~~~~~~~~~~~~~~~~~~~~~~~~~~~~~^^^^^^^^^^^^^^^^
  File "/Users/abhinaykalkhanday/Desktop/New_pdf2Excel/pipeline/validator.py", line 52, in validate_quality
    if missing_ratio > MAX_MISSING_EPIC_RATIO:
                       ^^^^^^^^^^^^^^^^^^^^^^
NameError: name 'MAX_MISSING_EPIC_RATIO' is not defined
2026-03-24T15:49:16 level=WARNING  name=pipeline.orchestrator pid=2945 page=8 strategy=blob_clustering strategy_error reason='dilation blob detection found no candidate card regions'
2026-03-24T15:49:16 level=ERROR    name=pipeline.orchestrator pid=2945 page=8 VOTER_LIST: all 3 strategies failed quality gates — queued for human review
2026-03-24T15:49:40 level=ERROR    name=pipeline.orchestrator pid=2945 page=9 strategy=cv_grid_chop raised unexpected exception
Traceback (most recent call last):
  File "/Users/abhinaykalkhanday/Desktop/New_pdf2Excel/pipeline/orchestrator.py", line 322, in process_page
    self._validator.validate_quality(cards, page_no)
    ~~~~~~~~~~~~~~~~~~~~~~~~~~~~~~~~^^^^^^^^^^^^^^^^
  File "/Users/abhinaykalkhanday/Desktop/New_pdf2Excel/pipeline/validator.py", line 52, in validate_quality
    if missing_ratio > MAX_MISSING_EPIC_RATIO:
                       ^^^^^^^^^^^^^^^^^^^^^^
NameError: name 'MAX_MISSING_EPIC_RATIO' is not defined
2026-03-24T15:50:18 level=ERROR    name=pipeline.orchestrator pid=2945 page=9 strategy=grid_projection raised unexpected exception
Traceback (most recent call last):
  File "/Users/abhinaykalkhanday/Desktop/New_pdf2Excel/pipeline/orchestrator.py", line 322, in process_page
    self._validator.validate_quality(cards, page_no)
    ~~~~~~~~~~~~~~~~~~~~~~~~~~~~~~~~^^^^^^^^^^^^^^^^
  File "/Users/abhinaykalkhanday/Desktop/New_pdf2Excel/pipeline/validator.py", line 52, in validate_quality
    if missing_ratio > MAX_MISSING_EPIC_RATIO:
                       ^^^^^^^^^^^^^^^^^^^^^^
NameError: name 'MAX_MISSING_EPIC_RATIO' is not defined
2026-03-24T15:50:18 level=WARNING  name=pipeline.orchestrator pid=2945 page=9 strategy=blob_clustering strategy_error reason='dilation blob detection found no candidate card regions'
2026-03-24T15:50:18 level=ERROR    name=pipeline.orchestrator pid=2945 page=9 VOTER_LIST: all 3 strategies failed quality gates — queued for human review
2026-03-24T15:50:58 level=ERROR    name=pipeline.orchestrator pid=2945 page=10 strategy=cv_grid_chop raised unexpected exception
Traceback (most recent call last):
  File "/Users/abhinaykalkhanday/Desktop/New_pdf2Excel/pipeline/orchestrator.py", line 322, in process_page
    self._validator.validate_quality(cards, page_no)
    ~~~~~~~~~~~~~~~~~~~~~~~~~~~~~~~~^^^^^^^^^^^^^^^^
  File "/Users/abhinaykalkhanday/Desktop/New_pdf2Excel/pipeline/validator.py", line 52, in validate_quality
    if missing_ratio > MAX_MISSING_EPIC_RATIO:
                       ^^^^^^^^^^^^^^^^^^^^^^
NameError: name 'MAX_MISSING_EPIC_RATIO' is not defined
2026-03-24T15:51:27 level=ERROR    name=pipeline.orchestrator pid=2945 page=10 strategy=grid_projection raised unexpected exception
Traceback (most recent call last):
  File "/Users/abhinaykalkhanday/Desktop/New_pdf2Excel/pipeline/orchestrator.py", line 322, in process_page
    self._validator.validate_quality(cards, page_no)
    ~~~~~~~~~~~~~~~~~~~~~~~~~~~~~~~~^^^^^^^^^^^^^^^^
  File "/Users/abhinaykalkhanday/Desktop/New_pdf2Excel/pipeline/validator.py", line 52, in validate_quality
    if missing_ratio > MAX_MISSING_EPIC_RATIO:
                       ^^^^^^^^^^^^^^^^^^^^^^
NameError: name 'MAX_MISSING_EPIC_RATIO' is not defined
2026-03-24T15:51:27 level=WARNING  name=pipeline.orchestrator pid=2945 page=10 strategy=blob_clustering strategy_error reason='dilation blob detection found no candidate card regions'
2026-03-24T15:51:27 level=ERROR    name=pipeline.orchestrator pid=2945 page=10 VOTER_LIST: all 3 strategies failed quality gates — queued for human review
2026-03-24T15:51:58 level=ERROR    name=pipeline.orchestrator pid=2945 page=11 strategy=cv_grid_chop raised unexpected exception
Traceback (most recent call last):
  File "/Users/abhinaykalkhanday/Desktop/New_pdf2Excel/pipeline/orchestrator.py", line 322, in process_page
    self._validator.validate_quality(cards, page_no)
    ~~~~~~~~~~~~~~~~~~~~~~~~~~~~~~~~^^^^^^^^^^^^^^^^
  File "/Users/abhinaykalkhanday/Desktop/New_pdf2Excel/pipeline/validator.py", line 52, in validate_quality
    if missing_ratio > MAX_MISSING_EPIC_RATIO:
                       ^^^^^^^^^^^^^^^^^^^^^^
NameError: name 'MAX_MISSING_EPIC_RATIO' is not defined
2026-03-24T15:52:27 level=ERROR    name=pipeline.orchestrator pid=2945 page=11 strategy=grid_projection raised unexpected exception
Traceback (most recent call last):
  File "/Users/abhinaykalkhanday/Desktop/New_pdf2Excel/pipeline/orchestrator.py", line 322, in process_page
    self._validator.validate_quality(cards, page_no)
    ~~~~~~~~~~~~~~~~~~~~~~~~~~~~~~~~^^^^^^^^^^^^^^^^
  File "/Users/abhinaykalkhanday/Desktop/New_pdf2Excel/pipeline/validator.py", line 52, in validate_quality
    if missing_ratio > MAX_MISSING_EPIC_RATIO:
                       ^^^^^^^^^^^^^^^^^^^^^^
NameError: name 'MAX_MISSING_EPIC_RATIO' is not defined
2026-03-24T15:52:28 level=WARNING  name=pipeline.orchestrator pid=2945 page=11 strategy=blob_clustering strategy_error reason='dilation blob detection found no candidate card regions'
2026-03-24T15:52:28 level=ERROR    name=pipeline.orchestrator pid=2945 page=11 VOTER_LIST: all 3 strategies failed quality gates — queued for human review
2026-03-24T15:53:01 level=ERROR    name=pipeline.orchestrator pid=2945 page=12 strategy=cv_grid_chop raised unexpected exception
Traceback (most recent call last):
  File "/Users/abhinaykalkhanday/Desktop/New_pdf2Excel/pipeline/orchestrator.py", line 322, in process_page
    self._validator.validate_quality(cards, page_no)
    ~~~~~~~~~~~~~~~~~~~~~~~~~~~~~~~~^^^^^^^^^^^^^^^^
  File "/Users/abhinaykalkhanday/Desktop/New_pdf2Excel/pipeline/validator.py", line 52, in validate_quality
    if missing_ratio > MAX_MISSING_EPIC_RATIO:
                       ^^^^^^^^^^^^^^^^^^^^^^
NameError: name 'MAX_MISSING_EPIC_RATIO' is not defined
2026-03-24T15:53:29 level=ERROR    name=pipeline.orchestrator pid=2945 page=12 strategy=grid_projection raised unexpected exception
Traceback (most recent call last):
  File "/Users/abhinaykalkhanday/Desktop/New_pdf2Excel/pipeline/orchestrator.py", line 322, in process_page
    self._validator.validate_quality(cards, page_no)
    ~~~~~~~~~~~~~~~~~~~~~~~~~~~~~~~~^^^^^^^^^^^^^^^^
  File "/Users/abhinaykalkhanday/Desktop/New_pdf2Excel/pipeline/validator.py", line 52, in validate_quality
    if missing_ratio > MAX_MISSING_EPIC_RATIO:
                       ^^^^^^^^^^^^^^^^^^^^^^
NameError: name 'MAX_MISSING_EPIC_RATIO' is not defined
2026-03-24T15:53:29 level=WARNING  name=pipeline.orchestrator pid=2945 page=12 strategy=blob_clustering strategy_error reason='dilation blob detection found no candidate card regions'
2026-03-24T15:53:29 level=ERROR    name=pipeline.orchestrator pid=2945 page=12 VOTER_LIST: all 3 strategies failed quality gates — queued for human review
2026-03-24T15:54:03 level=ERROR    name=pipeline.orchestrator pid=2945 page=13 strategy=cv_grid_chop raised unexpected exception
Traceback (most recent call last):
  File "/Users/abhinaykalkhanday/Desktop/New_pdf2Excel/pipeline/orchestrator.py", line 322, in process_page
    self._validator.validate_quality(cards, page_no)
    ~~~~~~~~~~~~~~~~~~~~~~~~~~~~~~~~^^^^^^^^^^^^^^^^
  File "/Users/abhinaykalkhanday/Desktop/New_pdf2Excel/pipeline/validator.py", line 52, in validate_quality
    if missing_ratio > MAX_MISSING_EPIC_RATIO:
                       ^^^^^^^^^^^^^^^^^^^^^^
NameError: name 'MAX_MISSING_EPIC_RATIO' is not defined
2026-03-24T15:54:30 level=ERROR    name=pipeline.orchestrator pid=2945 page=13 strategy=grid_projection raised unexpected exception
Traceback (most recent call last):
  File "/Users/abhinaykalkhanday/Desktop/New_pdf2Excel/pipeline/orchestrator.py", line 322, in process_page
    self._validator.validate_quality(cards, page_no)
    ~~~~~~~~~~~~~~~~~~~~~~~~~~~~~~~~^^^^^^^^^^^^^^^^
  File "/Users/abhinaykalkhanday/Desktop/New_pdf2Excel/pipeline/validator.py", line 52, in validate_quality
    if missing_ratio > MAX_MISSING_EPIC_RATIO:
                       ^^^^^^^^^^^^^^^^^^^^^^
NameError: name 'MAX_MISSING_EPIC_RATIO' is not defined
2026-03-24T15:54:30 level=WARNING  name=pipeline.orchestrator pid=2945 page=13 strategy=blob_clustering strategy_error reason='dilation blob detection found no candidate card regions'
2026-03-24T15:54:30 level=ERROR    name=pipeline.orchestrator pid=2945 page=13 VOTER_LIST: all 3 strategies failed quality gates — queued for human review
2026-03-24T15:54:58 level=ERROR    name=pipeline.orchestrator pid=2945 page=14 strategy=cv_grid_chop raised unexpected exception
Traceback (most recent call last):
  File "/Users/abhinaykalkhanday/Desktop/New_pdf2Excel/pipeline/orchestrator.py", line 322, in process_page
    self._validator.validate_quality(cards, page_no)
    ~~~~~~~~~~~~~~~~~~~~~~~~~~~~~~~~^^^^^^^^^^^^^^^^
  File "/Users/abhinaykalkhanday/Desktop/New_pdf2Excel/pipeline/validator.py", line 52, in validate_quality
    if missing_ratio > MAX_MISSING_EPIC_RATIO:
                       ^^^^^^^^^^^^^^^^^^^^^^
NameError: name 'MAX_MISSING_EPIC_RATIO' is not defined
2026-03-24T15:55:12 level=ERROR    name=pipeline.orchestrator pid=2945 page=14 strategy=grid_projection raised unexpected exception
Traceback (most recent call last):
  File "/Users/abhinaykalkhanday/Desktop/New_pdf2Excel/pipeline/orchestrator.py", line 322, in process_page
    self._validator.validate_quality(cards, page_no)
    ~~~~~~~~~~~~~~~~~~~~~~~~~~~~~~~~^^^^^^^^^^^^^^^^
  File "/Users/abhinaykalkhanday/Desktop/New_pdf2Excel/pipeline/validator.py", line 52, in validate_quality
    if missing_ratio > MAX_MISSING_EPIC_RATIO:
                       ^^^^^^^^^^^^^^^^^^^^^^
NameError: name 'MAX_MISSING_EPIC_RATIO' is not defined
2026-03-24T15:55:12 level=WARNING  name=pipeline.orchestrator pid=2945 page=14 strategy=blob_clustering strategy_error reason='dilation blob detection found no candidate card regions'
2026-03-24T15:55:12 level=ERROR    name=pipeline.orchestrator pid=2945 page=14 VOTER_LIST: all 3 strategies failed quality gates — queued for human review
2026-03-24T15:55:28 level=ERROR    name=pipeline.orchestrator pid=2945 page=15 strategy=cv_grid_chop raised unexpected exception
Traceback (most recent call last):
  File "/Users/abhinaykalkhanday/Desktop/New_pdf2Excel/pipeline/orchestrator.py", line 322, in process_page
    self._validator.validate_quality(cards, page_no)
    ~~~~~~~~~~~~~~~~~~~~~~~~~~~~~~~~^^^^^^^^^^^^^^^^
  File "/Users/abhinaykalkhanday/Desktop/New_pdf2Excel/pipeline/validator.py", line 52, in validate_quality
    if missing_ratio > MAX_MISSING_EPIC_RATIO:
                       ^^^^^^^^^^^^^^^^^^^^^^
NameError: name 'MAX_MISSING_EPIC_RATIO' is not defined
2026-03-24T15:55:41 level=ERROR    name=pipeline.orchestrator pid=2945 page=15 strategy=grid_projection raised unexpected exception
Traceback (most recent call last):
  File "/Users/abhinaykalkhanday/Desktop/New_pdf2Excel/pipeline/orchestrator.py", line 322, in process_page
    self._validator.validate_quality(cards, page_no)
    ~~~~~~~~~~~~~~~~~~~~~~~~~~~~~~~~^^^^^^^^^^^^^^^^
  File "/Users/abhinaykalkhanday/Desktop/New_pdf2Excel/pipeline/validator.py", line 52, in validate_quality
    if missing_ratio > MAX_MISSING_EPIC_RATIO:
                       ^^^^^^^^^^^^^^^^^^^^^^
NameError: name 'MAX_MISSING_EPIC_RATIO' is not defined
2026-03-24T15:55:41 level=WARNING  name=pipeline.orchestrator pid=2945 page=15 strategy=blob_clustering strategy_error reason='dilation blob detection found no candidate card regions'
2026-03-24T15:55:41 level=ERROR    name=pipeline.orchestrator pid=2945 page=15 VOTER_LIST: all 3 strategies failed quality gates — queued for human review
2026-03-24T15:55:57 level=ERROR    name=pipeline.orchestrator pid=2945 page=16 strategy=cv_grid_chop raised unexpected exception
Traceback (most recent call last):
  File "/Users/abhinaykalkhanday/Desktop/New_pdf2Excel/pipeline/orchestrator.py", line 322, in process_page
    self._validator.validate_quality(cards, page_no)
    ~~~~~~~~~~~~~~~~~~~~~~~~~~~~~~~~^^^^^^^^^^^^^^^^
  File "/Users/abhinaykalkhanday/Desktop/New_pdf2Excel/pipeline/validator.py", line 52, in validate_quality
    if missing_ratio > MAX_MISSING_EPIC_RATIO:
                       ^^^^^^^^^^^^^^^^^^^^^^
NameError: name 'MAX_MISSING_EPIC_RATIO' is not defined
2026-03-24T15:56:09 level=ERROR    name=pipeline.orchestrator pid=2945 page=16 strategy=grid_projection raised unexpected exception
Traceback (most recent call last):
  File "/Users/abhinaykalkhanday/Desktop/New_pdf2Excel/pipeline/orchestrator.py", line 322, in process_page
    self._validator.validate_quality(cards, page_no)
    ~~~~~~~~~~~~~~~~~~~~~~~~~~~~~~~~^^^^^^^^^^^^^^^^
  File "/Users/abhinaykalkhanday/Desktop/New_pdf2Excel/pipeline/validator.py", line 52, in validate_quality
    if missing_ratio > MAX_MISSING_EPIC_RATIO:
                       ^^^^^^^^^^^^^^^^^^^^^^
NameError: name 'MAX_MISSING_EPIC_RATIO' is not defined
2026-03-24T15:56:09 level=WARNING  name=pipeline.orchestrator pid=2945 page=16 strategy=blob_clustering strategy_error reason='dilation blob detection found no candidate card regions'
2026-03-24T15:56:09 level=ERROR    name=pipeline.orchestrator pid=2945 page=16 VOTER_LIST: all 3 strategies failed quality gates — queued for human review
2026-03-24T15:56:25 level=INFO     name=__main__ pid=8778 Electra-Core starting | pdf=/Users/abhinaykalkhanday/Desktop/New_pdf2Excel/voter_roll.pdf dpi=300 output=/Users/abhinaykalkhanday/Desktop/New_pdf2Excel/output
2026-03-24T15:56:30 level=INFO     name=__main__ pid=8778 Rendered 26 page(s) at 300 DPI
2026-03-24T15:56:30 level=INFO     name=__main__ pid=8778 Processing page range: start=2 end=25 count=24
2026-03-24T15:56:32 level=WARNING  name=pipeline.orchestrator pid=8778 page=2 strategy=cv_grid_chop gate_1_FAILED found=10 expected=30
2026-03-24T15:56:50 level=WARNING  name=pipeline.orchestrator pid=8778 page=2 strategy=grid_projection gate_1_FAILED found=0 expected=30
2026-03-24T15:56:51 level=WARNING  name=pipeline.orchestrator pid=8778 page=2 strategy=blob_clustering gate_1_FAILED found=7 expected=30
2026-03-24T15:56:51 level=ERROR    name=pipeline.orchestrator pid=8778 page=2 VOTER_LIST: all 3 strategies failed quality gates — queued for human review
2026-03-24T15:57:06 level=WARNING  name=pipeline.orchestrator pid=8778 page=3 strategy=cv_grid_chop gate_1_FAILED found=0 expected=30
2026-03-24T15:57:18 level=WARNING  name=pipeline.orchestrator pid=8778 page=3 strategy=grid_projection gate_1_FAILED found=0 expected=30
2026-03-24T15:57:18 level=WARNING  name=pipeline.orchestrator pid=8778 page=3 strategy=blob_clustering strategy_error reason='dilation blob detection found no candidate card regions'
2026-03-24T15:57:18 level=ERROR    name=pipeline.orchestrator pid=8778 page=3 VOTER_LIST: all 3 strategies failed quality gates — queued for human review
2026-03-24T15:57:34 level=WARNING  name=pipeline.orchestrator pid=8778 page=4 strategy=cv_grid_chop gate_1_FAILED found=0 expected=30
2026-03-24T15:59:58 level=INFO     name=__main__ pid=12013 Electra-Core starting | pdf=/Users/abhinaykalkhanday/Desktop/New_pdf2Excel/voter_roll.pdf dpi=300 output=/Users/abhinaykalkhanday/Desktop/New_pdf2Excel/output
2026-03-24T16:00:03 level=INFO     name=__main__ pid=12013 Rendered 26 page(s) at 300 DPI
2026-03-24T16:00:03 level=INFO     name=__main__ pid=12013 Processing page range: start=2 end=25 count=24
2026-03-24T16:00:05 level=WARNING  name=pipeline.orchestrator pid=12013 page=2 strategy=cv_grid_chop gate_1_FAILED found=10 expected=30
2026-03-24T16:00:25 level=WARNING  name=pipeline.orchestrator pid=12013 page=2 strategy=grid_projection gate_1_FAILED found=0 expected=30
2026-03-24T16:00:25 level=WARNING  name=pipeline.orchestrator pid=12013 page=2 strategy=blob_clustering gate_1_FAILED found=7 expected=30
2026-03-24T16:00:25 level=ERROR    name=pipeline.orchestrator pid=12013 page=2 VOTER_LIST: all 3 strategies failed quality gates — queued for human review
2026-03-24T16:00:41 level=WARNING  name=pipeline.orchestrator pid=12013 page=3 strategy=cv_grid_chop gate_1_FAILED found=0 expected=30
2026-03-24T16:00:54 level=WARNING  name=pipeline.orchestrator pid=12013 page=3 strategy=grid_projection gate_1_FAILED found=0 expected=30
2026-03-24T16:00:54 level=WARNING  name=pipeline.orchestrator pid=12013 page=3 strategy=blob_clustering strategy_error reason='dilation blob detection found no candidate card regions'
2026-03-24T16:00:54 level=ERROR    name=pipeline.orchestrator pid=12013 page=3 VOTER_LIST: all 3 strategies failed quality gates — queued for human review
2026-03-24T16:01:09 level=WARNING  name=pipeline.orchestrator pid=12013 page=4 strategy=cv_grid_chop gate_1_FAILED found=0 expected=30
2026-03-24T16:01:22 level=WARNING  name=pipeline.orchestrator pid=12013 page=4 strategy=grid_projection gate_1_FAILED found=0 expected=30
2026-03-24T16:01:22 level=WARNING  name=pipeline.orchestrator pid=12013 page=4 strategy=blob_clustering strategy_error reason='dilation blob detection found no candidate card regions'
2026-03-24T16:01:22 level=ERROR    name=pipeline.orchestrator pid=12013 page=4 VOTER_LIST: all 3 strategies failed quality gates — queued for human review
2026-03-24T16:01:37 level=WARNING  name=pipeline.orchestrator pid=12013 page=5 strategy=cv_grid_chop gate_1_FAILED found=0 expected=30
2026-03-24T16:01:50 level=WARNING  name=pipeline.orchestrator pid=12013 page=5 strategy=grid_projection gate_1_FAILED found=0 expected=30
2026-03-24T16:01:50 level=WARNING  name=pipeline.orchestrator pid=12013 page=5 strategy=blob_clustering strategy_error reason='dilation blob detection found no candidate card regions'
2026-03-24T16:01:50 level=ERROR    name=pipeline.orchestrator pid=12013 page=5 VOTER_LIST: all 3 strategies failed quality gates — queued for human review
2026-03-24T16:02:05 level=WARNING  name=pipeline.orchestrator pid=12013 page=6 strategy=cv_grid_chop gate_1_FAILED found=0 expected=30
2026-03-24T16:02:17 level=WARNING  name=pipeline.orchestrator pid=12013 page=6 strategy=grid_projection gate_1_FAILED found=0 expected=30
2026-03-24T16:02:17 level=WARNING  name=pipeline.orchestrator pid=12013 page=6 strategy=blob_clustering strategy_error reason='dilation blob detection found no candidate card regions'
2026-03-24T16:02:17 level=ERROR    name=pipeline.orchestrator pid=12013 page=6 VOTER_LIST: all 3 strategies failed quality gates — queued for human review
2026-03-24T16:02:33 level=WARNING  name=pipeline.orchestrator pid=12013 page=7 strategy=cv_grid_chop gate_1_FAILED found=0 expected=30
2026-03-24T16:02:45 level=WARNING  name=pipeline.orchestrator pid=12013 page=7 strategy=grid_projection gate_1_FAILED found=0 expected=30
2026-03-24T16:02:45 level=WARNING  name=pipeline.orchestrator pid=12013 page=7 strategy=blob_clustering strategy_error reason='dilation blob detection found no candidate card regions'
2026-03-24T16:02:45 level=ERROR    name=pipeline.orchestrator pid=12013 page=7 VOTER_LIST: all 3 strategies failed quality gates — queued for human review
2026-03-24T16:03:00 level=WARNING  name=pipeline.orchestrator pid=12013 page=8 strategy=cv_grid_chop gate_1_FAILED found=1 expected=5
2026-03-24T16:03:12 level=WARNING  name=pipeline.orchestrator pid=12013 page=8 strategy=grid_projection gate_1_FAILED found=0 expected=30
2026-03-24T16:03:12 level=WARNING  name=pipeline.orchestrator pid=12013 page=8 strategy=blob_clustering strategy_error reason='dilation blob detection found no candidate card regions'
2026-03-24T16:03:12 level=ERROR    name=pipeline.orchestrator pid=12013 page=8 VOTER_LIST: all 3 strategies failed quality gates — queued for human review
2026-03-24T16:03:27 level=WARNING  name=pipeline.orchestrator pid=12013 page=9 strategy=cv_grid_chop gate_1_FAILED found=0 expected=30
2026-03-24T16:03:40 level=WARNING  name=pipeline.orchestrator pid=12013 page=9 strategy=grid_projection gate_1_FAILED found=0 expected=30
2026-03-24T16:03:40 level=WARNING  name=pipeline.orchestrator pid=12013 page=9 strategy=blob_clustering strategy_error reason='dilation blob detection found no candidate card regions'
2026-03-24T16:03:40 level=ERROR    name=pipeline.orchestrator pid=12013 page=9 VOTER_LIST: all 3 strategies failed quality gates — queued for human review
2026-03-24T16:03:55 level=WARNING  name=pipeline.orchestrator pid=12013 page=10 strategy=cv_grid_chop gate_1_FAILED found=0 expected=5
2026-03-24T16:04:08 level=WARNING  name=pipeline.orchestrator pid=12013 page=10 strategy=grid_projection gate_1_FAILED found=0 expected=30
2026-03-24T16:04:08 level=WARNING  name=pipeline.orchestrator pid=12013 page=10 strategy=blob_clustering strategy_error reason='dilation blob detection found no candidate card regions'
2026-03-24T16:04:08 level=ERROR    name=pipeline.orchestrator pid=12013 page=10 VOTER_LIST: all 3 strategies failed quality gates — queued for human review
2026-03-24T16:04:26 level=WARNING  name=pipeline.orchestrator pid=12013 page=11 strategy=cv_grid_chop gate_1_FAILED found=0 expected=30
2026-03-24T16:04:38 level=WARNING  name=pipeline.orchestrator pid=12013 page=11 strategy=grid_projection gate_1_FAILED found=0 expected=30
2026-03-24T16:04:39 level=WARNING  name=pipeline.orchestrator pid=12013 page=11 strategy=blob_clustering strategy_error reason='dilation blob detection found no candidate card regions'
2026-03-24T16:04:39 level=ERROR    name=pipeline.orchestrator pid=12013 page=11 VOTER_LIST: all 3 strategies failed quality gates — queued for human review
2026-03-24T16:04:54 level=WARNING  name=pipeline.orchestrator pid=12013 page=12 strategy=cv_grid_chop gate_1_FAILED found=0 expected=30
2026-03-24T16:05:07 level=WARNING  name=pipeline.orchestrator pid=12013 page=12 strategy=grid_projection gate_1_FAILED found=0 expected=30
2026-03-24T16:05:07 level=WARNING  name=pipeline.orchestrator pid=12013 page=12 strategy=blob_clustering strategy_error reason='dilation blob detection found no candidate card regions'
2026-03-24T16:05:07 level=ERROR    name=pipeline.orchestrator pid=12013 page=12 VOTER_LIST: all 3 strategies failed quality gates — queued for human review
2026-03-24T16:05:23 level=WARNING  name=pipeline.orchestrator pid=12013 page=13 strategy=cv_grid_chop gate_1_FAILED found=2 expected=5
2026-03-24T16:05:35 level=WARNING  name=pipeline.orchestrator pid=12013 page=13 strategy=grid_projection gate_1_FAILED found=0 expected=30
2026-03-24T16:05:35 level=WARNING  name=pipeline.orchestrator pid=12013 page=13 strategy=blob_clustering strategy_error reason='dilation blob detection found no candidate card regions'
2026-03-24T16:05:35 level=ERROR    name=pipeline.orchestrator pid=12013 page=13 VOTER_LIST: all 3 strategies failed quality gates — queued for human review
2026-03-24T16:05:51 level=WARNING  name=pipeline.orchestrator pid=12013 page=14 strategy=cv_grid_chop gate_1_FAILED found=0 expected=30
2026-03-24T16:06:04 level=WARNING  name=pipeline.orchestrator pid=12013 page=14 strategy=grid_projection gate_1_FAILED found=0 expected=30
2026-03-24T16:06:04 level=WARNING  name=pipeline.orchestrator pid=12013 page=14 strategy=blob_clustering strategy_error reason='dilation blob detection found no candidate card regions'
2026-03-24T16:06:04 level=ERROR    name=pipeline.orchestrator pid=12013 page=14 VOTER_LIST: all 3 strategies failed quality gates — queued for human review
2026-03-24T16:06:19 level=WARNING  name=pipeline.orchestrator pid=12013 page=15 strategy=cv_grid_chop gate_1_FAILED found=0 expected=30
2026-03-24T16:06:32 level=WARNING  name=pipeline.orchestrator pid=12013 page=15 strategy=grid_projection gate_1_FAILED found=0 expected=30
2026-03-24T16:06:32 level=WARNING  name=pipeline.orchestrator pid=12013 page=15 strategy=blob_clustering strategy_error reason='dilation blob detection found no candidate card regions'
2026-03-24T16:06:32 level=ERROR    name=pipeline.orchestrator pid=12013 page=15 VOTER_LIST: all 3 strategies failed quality gates — queued for human review
2026-03-24T16:06:47 level=WARNING  name=pipeline.orchestrator pid=12013 page=16 strategy=cv_grid_chop gate_1_FAILED found=0 expected=30
2026-03-24T16:07:00 level=WARNING  name=pipeline.orchestrator pid=12013 page=16 strategy=grid_projection gate_1_FAILED found=0 expected=30
2026-03-24T16:07:00 level=WARNING  name=pipeline.orchestrator pid=12013 page=16 strategy=blob_clustering strategy_error reason='dilation blob detection found no candidate card regions'
2026-03-24T16:07:00 level=ERROR    name=pipeline.orchestrator pid=12013 page=16 VOTER_LIST: all 3 strategies failed quality gates — queued for human review
2026-03-24T16:07:16 level=WARNING  name=pipeline.orchestrator pid=12013 page=17 strategy=cv_grid_chop gate_1_FAILED found=0 expected=30
2026-03-24T16:07:29 level=WARNING  name=pipeline.orchestrator pid=12013 page=17 strategy=grid_projection gate_1_FAILED found=0 expected=30
2026-03-24T16:07:29 level=WARNING  name=pipeline.orchestrator pid=12013 page=17 strategy=blob_clustering strategy_error reason='dilation blob detection found no candidate card regions'
2026-03-24T16:07:29 level=ERROR    name=pipeline.orchestrator pid=12013 page=17 VOTER_LIST: all 3 strategies failed quality gates — queued for human review
2026-03-24T16:07:45 level=WARNING  name=pipeline.orchestrator pid=12013 page=18 strategy=cv_grid_chop gate_1_FAILED found=1 expected=5
2026-03-24T16:07:58 level=WARNING  name=pipeline.orchestrator pid=12013 page=18 strategy=grid_projection gate_1_FAILED found=0 expected=30
2026-03-24T16:07:58 level=WARNING  name=pipeline.orchestrator pid=12013 page=18 strategy=blob_clustering strategy_error reason='dilation blob detection found no candidate card regions'
2026-03-24T16:07:58 level=ERROR    name=pipeline.orchestrator pid=12013 page=18 VOTER_LIST: all 3 strategies failed quality gates — queued for human review
2026-03-24T16:08:14 level=WARNING  name=pipeline.orchestrator pid=12013 page=19 strategy=cv_grid_chop gate_1_FAILED found=0 expected=30
2026-03-24T16:08:26 level=WARNING  name=pipeline.orchestrator pid=12013 page=19 strategy=grid_projection gate_1_FAILED found=0 expected=30
2026-03-24T16:08:26 level=WARNING  name=pipeline.orchestrator pid=12013 page=19 strategy=blob_clustering strategy_error reason='dilation blob detection found no candidate card regions'
2026-03-24T16:08:26 level=ERROR    name=pipeline.orchestrator pid=12013 page=19 VOTER_LIST: all 3 strategies failed quality gates — queued for human review
2026-03-24T16:08:42 level=WARNING  name=pipeline.orchestrator pid=12013 page=20 strategy=cv_grid_chop gate_1_FAILED found=0 expected=5
2026-03-24T16:08:55 level=WARNING  name=pipeline.orchestrator pid=12013 page=20 strategy=grid_projection gate_1_FAILED found=0 expected=30
2026-03-24T16:08:55 level=WARNING  name=pipeline.orchestrator pid=12013 page=20 strategy=blob_clustering strategy_error reason='dilation blob detection found no candidate card regions'
2026-03-24T16:08:55 level=ERROR    name=pipeline.orchestrator pid=12013 page=20 VOTER_LIST: all 3 strategies failed quality gates — queued for human review
2026-03-24T16:09:11 level=WARNING  name=pipeline.orchestrator pid=12013 page=21 strategy=cv_grid_chop gate_1_FAILED found=0 expected=5
2026-03-24T16:09:24 level=WARNING  name=pipeline.orchestrator pid=12013 page=21 strategy=grid_projection gate_1_FAILED found=0 expected=30
2026-03-24T16:09:24 level=WARNING  name=pipeline.orchestrator pid=12013 page=21 strategy=blob_clustering strategy_error reason='dilation blob detection found no candidate card regions'
2026-03-24T16:09:24 level=ERROR    name=pipeline.orchestrator pid=12013 page=21 VOTER_LIST: all 3 strategies failed quality gates — queued for human review
2026-03-24T16:09:40 level=WARNING  name=pipeline.orchestrator pid=12013 page=22 strategy=cv_grid_chop gate_1_FAILED found=0 expected=30
2026-03-24T16:09:53 level=WARNING  name=pipeline.orchestrator pid=12013 page=22 strategy=grid_projection gate_1_FAILED found=0 expected=30
2026-03-24T16:09:53 level=WARNING  name=pipeline.orchestrator pid=12013 page=22 strategy=blob_clustering strategy_error reason='dilation blob detection found no candidate card regions'
2026-03-24T16:09:53 level=ERROR    name=pipeline.orchestrator pid=12013 page=22 VOTER_LIST: all 3 strategies failed quality gates — queued for human review
2026-03-24T16:10:09 level=WARNING  name=pipeline.orchestrator pid=12013 page=23 strategy=cv_grid_chop gate_1_FAILED found=0 expected=30
2026-03-24T16:11:10 level=WARNING  name=pipeline.orchestrator pid=12013 page=23 strategy=grid_projection gate_1_FAILED found=0 expected=30
2026-03-24T16:11:10 level=WARNING  name=pipeline.orchestrator pid=12013 page=23 strategy=blob_clustering strategy_error reason='dilation blob detection found no candidate card regions'
2026-03-24T16:11:10 level=ERROR    name=pipeline.orchestrator pid=12013 page=23 VOTER_LIST: all 3 strategies failed quality gates — queued for human review
2026-03-24T16:11:12 level=WARNING  name=pipeline.orchestrator pid=12013 page=24 strategy=cv_grid_chop gate_1_FAILED found=11 expected=30
2026-03-24T16:11:30 level=WARNING  name=pipeline.orchestrator pid=12013 page=24 strategy=grid_projection gate_1_FAILED found=0 expected=5
2026-03-24T16:11:30 level=WARNING  name=pipeline.orchestrator pid=12013 page=24 strategy=blob_clustering strategy_error reason='dilation blob detection found no candidate card regions'
2026-03-24T16:11:30 level=ERROR    name=pipeline.orchestrator pid=12013 page=24 VOTER_LIST: all 3 strategies failed quality gates — queued for human review
2026-03-24T16:11:31 level=WARNING  name=pipeline.orchestrator pid=12013 page=25 strategy=cv_grid_chop gate_1_FAILED found=1 expected=30
2026-03-24T16:11:44 level=WARNING  name=pipeline.orchestrator pid=12013 page=25 strategy=grid_projection gate_1_FAILED found=0 expected=30
2026-03-24T16:11:44 level=WARNING  name=pipeline.orchestrator pid=12013 page=25 strategy=blob_clustering gate_1_FAILED found=1 expected=30
2026-03-24T16:11:44 level=ERROR    name=pipeline.orchestrator pid=12013 page=25 VOTER_LIST: all 3 strategies failed quality gates — queued for human review
2026-03-24T16:11:44 level=INFO     name=pipeline.orchestrator pid=12013 batch complete: voter_list=0 skipped=0 review_queue=24 total=24
2026-03-24T16:11:44 level=INFO     name=__main__ pid=12013 Results: voter_list=0  skipped=0  review_queue=24  total_pages=24
2026-03-24T16:11:44 level=WARNING  name=__main__ pid=12013 Pages requiring human review: [2, 3, 4, 5, 6, 7, 8, 9, 10, 11, 12, 13, 14, 15, 16, 17, 18, 19, 20, 21, 22, 23, 24, 25]
2026-03-24T16:11:44 level=INFO     name=__main__ pid=12013 Human-review report saved → /Users/abhinaykalkhanday/Desktop/New_pdf2Excel/output/human_review_queue.txt
2026-03-24T16:11:45 level=INFO     name=__main__ pid=12013 Review assets saved → /Users/abhinaykalkhanday/Desktop/New_pdf2Excel/output/human_review_queue.json  (24 items, crops in /Users/abhinaykalkhanday/Desktop/New_pdf2Excel/output/crops)
2026-03-24T16:11:45 level=INFO     name=__main__ pid=12013 Page QA report saved → /Users/abhinaykalkhanday/Desktop/New_pdf2Excel/output/page_qa_report.csv
